Only in .: diff.out
Only in ../jose4j: .git
Only in .: .github
diff -pur ../jose4j/.gitignore ./.gitignore
--- ../jose4j/.gitignore	2024-03-23 08:29:09.760832639 -0500
+++ ./.gitignore	2024-03-21 13:24:13.339466973 -0500
@@ -1,10 +1,34 @@
+/target/
+!.mvn/wrapper/maven-wrapper.jar
+
+### STS ###
+.apt_generated
+.classpath
+.factorypath
 .project
 .settings
-.gitignore
-.classpath
-target
+.springBeans
+.sts4-cache
+
+### IntelliJ IDEA ###
+.idea
 *.iws
 *.iml
 *.ipr
-draft-ietf-jose-cookbook.txt
-/.idea/
\ No newline at end of file
+
+### NetBeans ###
+/nbproject/private/
+/build/
+/nbbuild/
+/dist/
+/nbdist/
+/.nb-gradle/
+/nbproject/
+nbactions.xml
+nb-configuration.xml
+/shade/
+
+.DS_Store
+**/.DS_Store
+.nbactions.xml
+dependency-reduced-pom.xml
\ No newline at end of file
diff -pur ../jose4j/NOTICE.txt ./NOTICE.txt
--- ../jose4j/NOTICE.txt	2024-03-23 08:29:09.760832639 -0500
+++ ./NOTICE.txt	2024-03-23 08:45:09.555430951 -0500
@@ -1,3 +1,13 @@
+The code for this project was taken from the original jose4j project 
+https://bitbucket.org/b_c/jose4j/src/jose4j-0.9.6/src/. The code for this 
+build was taken from the 0.9.6 tag from the original project.
+For the initial commit one unit test needed to be changed because a message 
+from an exception changed. The build is completely different. 
+All changes from the oritinal source code comapred to the initial commit
+can be seen in the diff.out file.
+
+Below is the original content of the NOTICE.txt file.
+
 jose4j
 Copyright 2012-2015 Brian Campbell
 
diff -pur ../jose4j/pom.xml ./pom.xml
--- ../jose4j/pom.xml	2024-03-23 08:31:24.341674237 -0500
+++ ./pom.xml	2024-03-21 08:37:30.440970168 -0500
@@ -1,263 +1,102 @@
 <!--
-  ~ Copyright 2012-2019 Brian Campbell
-  ~
-  ~ Licensed under the Apache License, Version 2.0 (the "License");
-  ~ you may not use this file except in compliance with the License.
-  ~ You may obtain a copy of the License at
-  ~
-  ~     http://www.apache.org/licenses/LICENSE-2.0
-  ~
-  ~ Unless required by applicable law or agreed to in writing, software
-  ~ distributed under the License is distributed on an "AS IS" BASIS,
-  ~ WITHOUT WARRANTIES OR CONDITIONS OF ANY KIND, either express or implied.
-  ~ See the License for the specific language governing permissions and
-  ~ limitations under the License.
-  -->
+~ Copyright 2012-2019 Brian Campbell
+~
+~ Licensed under the Apache License, Version 2.0 (the "License");
+~ you may not use this file except in compliance with the License.
+~ You may obtain a copy of the License at
+~
+~     http://www.apache.org/licenses/LICENSE-2.0
+~
+~ Unless required by applicable law or agreed to in writing, software
+~ distributed under the License is distributed on an "AS IS" BASIS,
+~ WITHOUT WARRANTIES OR CONDITIONS OF ANY KIND, either express or implied.
+~ See the License for the specific language governing permissions and
+~ limitations under the License.
+-->
 
 <project xmlns="http://maven.apache.org/POM/4.0.0" xmlns:xsi="http://www.w3.org/2001/XMLSchema-instance" xsi:schemaLocation="http://maven.apache.org/POM/4.0.0 http://maven.apache.org/xsd/maven-4.0.0.xsd">
-  <modelVersion>4.0.0</modelVersion>
+    <modelVersion>4.0.0</modelVersion>
   
-  <groupId>org.bitbucket.b_c</groupId>
-  <artifactId>jose4j</artifactId>
-  <version>0.9.6</version>
-  <packaging>jar</packaging>
-  <name>jose4j</name>
-  <description>
-     The jose.4.j library is a robust and easy to use open source implementation of JSON Web Token (JWT) and the JOSE specification suite (JWS, JWE, and JWK).
-     It is written in Java and relies solely on the JCA APIs for cryptography.
-     Please see https://bitbucket.org/b_c/jose4j/wiki/Home for more info, examples, etc..
-  </description>
-  <url>https://bitbucket.org/b_c/jose4j/</url>
+    <groupId>org.jfxmodules</groupId>
+    <artifactId>jose4j-module</artifactId>
+    <version>0.9.5-SNAPSHOT</version>
+    <packaging>jar</packaging>
+    <name>jose4j-module</name>
+    <url>https://maven.pkg.github.com/jfxmodules/jose4j</url>
+    <description>
+        Version of jose4j that is a Java module.
+    </description>
+
+    <licenses>
+        <license>
+            <name>The Apache Software License, Version 2.0</name>
+            <url>http://www.apache.org/licenses/LICENSE-2.0.txt</url>
+        </license>
+    </licenses>
+
+    <properties>
+        <project.build.sourceEncoding>UTF-8</project.build.sourceEncoding>
+        <maven.compiler.source>21</maven.compiler.source>
+        <maven.compiler.target>21</maven.compiler.target>
+    </properties>
+
+    <dependencies>
+        <dependency>
+            <groupId>org.slf4j</groupId>
+            <artifactId>slf4j-api</artifactId>
+            <version>2.0.9</version>
+        </dependency>
+
+        <dependency>
+            <groupId>junit</groupId>
+            <artifactId>junit</artifactId>
+            <version>4.13.2</version>
+            <scope>test</scope>
+        </dependency>
+
+        <dependency>
+            <groupId>ch.qos.logback</groupId>
+            <artifactId>logback-classic</artifactId>
+            <version>1.4.11</version>
+            <scope>test</scope>
+        </dependency>
+
+        <dependency>
+            <groupId>org.bouncycastle</groupId>
+            <artifactId>bcprov-jdk15on</artifactId>
+            <version>1.70</version>
+            <scope>test</scope>
+        </dependency>
+
+        <dependency>
+            <groupId>org.mockito</groupId>
+            <artifactId>mockito-core</artifactId>
+            <version>5.3.1</version>
+            <scope>test</scope>
+        </dependency>
+    </dependencies>
 
-  <licenses>
-    <license>
-      <name>The Apache Software License, Version 2.0</name>
-      <url>http://www.apache.org/licenses/LICENSE-2.0.txt</url>
-    </license>
-  </licenses>
-
-  <developers>
-    <developer>
-      <name>Brian Campbell</name>
-      <email>brian.d.campbell@gmail.com</email>
-      <url>https://plus.google.com/109358381977638517286/about</url>
-    </developer>
-  </developers>
-
-  <properties>
-    <project.build.sourceEncoding>UTF-8</project.build.sourceEncoding>
-  </properties>
-
-  <dependencies>
-    <dependency>
-      <groupId>org.slf4j</groupId>
-      <artifactId>slf4j-api</artifactId>
-      <version>1.7.36</version>
-    </dependency>
-
-    <dependency>
-      <groupId>junit</groupId>
-      <artifactId>junit</artifactId>
-      <version>4.13.2</version>
-      <scope>test</scope>
-    </dependency>
-
-    <dependency>
-      <groupId>ch.qos.logback</groupId>
-      <artifactId>logback-classic</artifactId>
-      <version>1.2.11</version>
-      <scope>test</scope>
-    </dependency>
-
-    <dependency>
-      <groupId>org.bouncycastle</groupId>
-      <artifactId>bcprov-jdk15on</artifactId>
-      <version>1.70</version>
-      <scope>test</scope>
-    </dependency>
-
-    <dependency>
-      <groupId>org.mockito</groupId>
-      <artifactId>mockito-core</artifactId>
-      <version>2.28.2</version>
-      <scope>test</scope>
-    </dependency>
-
-  </dependencies>
-
-  <distributionManagement>
-    <snapshotRepository>
-      <id>sonatype-nexus-snapshots</id>
-      <url>https://oss.sonatype.org/content/repositories/snapshots</url>
-    </snapshotRepository>
-    <repository>
-      <id>sonatype-nexus-staging</id>
-      <url>https://oss.sonatype.org/service/local/staging/deploy/maven2/</url>
-    </repository>
-  </distributionManagement>
-
-  <build>
-      <plugins>
-        <plugin>
-          <groupId>org.apache.maven.plugins</groupId>
-          <artifactId>maven-compiler-plugin</artifactId>
-          <version>3.8.1</version>
-          <configuration>
-            <source>1.7</source>
-            <target>1.7</target>
-          </configuration>
-        </plugin>
-        <plugin>
-          <groupId>org.apache.maven.plugins</groupId>
-          <artifactId>maven-release-plugin</artifactId>
-          <version>2.5.3</version>
-          <configuration>
-            <autoVersionSubmodules>true</autoVersionSubmodules>
-            <useReleaseProfile>false</useReleaseProfile>
-            <releaseProfiles>release</releaseProfiles>
-            <goals>deploy</goals>
-          </configuration>
-        </plugin>
-        <plugin>
-          <groupId>org.apache.maven.plugins</groupId>
-          <artifactId>maven-gpg-plugin</artifactId>
-          <version>1.5</version>
-        </plugin>
-        <plugin>
-          <groupId>org.apache.maven.plugins</groupId>
-          <artifactId>maven-source-plugin</artifactId>
-          <version>2.2.1</version>
-        </plugin>
-        <plugin>
-          <groupId>org.apache.maven.plugins</groupId>
-          <artifactId>maven-javadoc-plugin</artifactId>
-          <version>2.9.1</version>
-          <configuration>
-            <!-- allow Javadoc tool to be lenient w/ java 8 - see http://blog.joda.org/2014/02/turning-off-doclint-in-jdk-8-javadoc.html -->
-            <!--<additionalparam>-Xdoclint:none</additionalparam>-->
-          </configuration>
-        </plugin>
-        <plugin>
-          <groupId>org.apache.maven.plugins</groupId>
-          <artifactId>maven-deploy-plugin</artifactId>
-          <version>2.8.1</version>
-        </plugin>
-        <plugin>
-          <groupId>org.sonatype.plugins</groupId>
-          <artifactId>nexus-staging-maven-plugin</artifactId>
-          <version>1.6.13</version>
-          <extensions>true</extensions>
-          <configuration>
-            <serverId>sonatype-nexus-staging</serverId>
-            <nexusUrl>https://oss.sonatype.org/</nexusUrl>
-            <autoReleaseAfterClose>true</autoReleaseAfterClose>
-          </configuration>
-        </plugin>
-        <plugin>
-          <groupId>org.apache.maven.plugins</groupId>
-          <artifactId>maven-jar-plugin</artifactId>
-          <version>2.4</version>
-          <configuration>
-            <archive>
-              <manifestFile>
-                ${project.build.outputDirectory}/META-INF/MANIFEST.MF
-              </manifestFile>
-              <manifestEntries>
-                <Automatic-Module-Name>org.jose4j</Automatic-Module-Name>
-              </manifestEntries>
-            </archive>
-          </configuration>
-        </plugin>
-        <plugin>
-          <groupId>org.apache.felix</groupId>
-          <artifactId>maven-bundle-plugin</artifactId>
-          <version>2.3.5</version>
-          <extensions>true</extensions>
-          <executions>
-            <execution>
-              <id>bundle-manifest</id>
-              <phase>process-classes</phase>
-              <goals>
-                <goal>manifest</goal>
-              </goals>
-            </execution>
-          </executions>
-        </plugin>
-      </plugins>
-  </build>
-
-  <profiles>
-    <profile>
-      <id>release</id>
-      <activation>
-        <!--This profile will be activated when the value of maven property performRelease is true.
-            When you use maven-release-plugin and run mvn release:perform, the property value will be set to true.
-            The profile can also be explicitly specified using the -P CLI option like, mvn install -P release -->
-        <property>
-          <name>performRelease</name>
-          <value>true</value>
-        </property>
-      </activation>
-      <build>
+    <build>
         <plugins>
-          <plugin>
-            <groupId>org.apache.maven.plugins</groupId>
-            <artifactId>maven-source-plugin</artifactId>
-            <version>2.2.1</version>
-            <executions>
-              <execution>
-                <id>attach-sources</id>
-                <goals>
-                  <goal>jar-no-fork</goal>
-                </goals>
-              </execution>
-            </executions>
-          </plugin>
-          <plugin>
-            <groupId>org.apache.maven.plugins</groupId>
-            <artifactId>maven-javadoc-plugin</artifactId>
-            <version>2.9.1</version>
-            <executions>
-              <execution>
-                <id>attach-javadocs</id>
-                <goals>
-                  <goal>jar</goal>
-                </goals>
-              </execution>
-            </executions>
-          </plugin>
-          <plugin>
-            <groupId>org.apache.maven.plugins</groupId>
-            <artifactId>maven-gpg-plugin</artifactId>
-            <executions>
-              <execution>
-                <id>sign-artifacts</id>
-                <phase>verify</phase>
-                <goals>
-                  <goal>sign</goal>
-                </goals>
-              </execution>
-            </executions>
-          </plugin>
+            <plugin>
+                <groupId>org.apache.maven.plugins</groupId>
+                <artifactId>maven-compiler-plugin</artifactId>
+                <version>3.12.1</version>
+            </plugin>
+            <plugin>
+                <groupId>org.apache.maven.plugins</groupId>
+                <artifactId>maven-source-plugin</artifactId>
+                <version>3.3.0</version>
+            </plugin>
+            <plugin>
+                <groupId>org.apache.maven.plugins</groupId>
+                <artifactId>maven-javadoc-plugin</artifactId>
+                <version>3.6.0</version>
+                <configuration>
+                    <!-- allow Javadoc tool to be lenient w/ java 8 - see http://blog.joda.org/2014/02/turning-off-doclint-in-jdk-8-javadoc.html -->
+                    <!--<additionalparam>-Xdoclint:none</additionalparam>-->
+                </configuration>
+            </plugin>
         </plugins>
-      </build>
-    </profile>
-  </profiles>
-
-  <reporting>
-    <plugins>
-        <plugin>
-          <groupId>org.codehaus.mojo</groupId>
-          <artifactId>cobertura-maven-plugin</artifactId>
-          <version>2.5.2</version>
-      </plugin>
-    </plugins>
-  </reporting>
-
-  <scm>
-    <connection>scm:git:https://bitbucket.org/b_c/jose4j.git</connection>
-    <developerConnection>scm:git:ssh://git@bitbucket.org/b_c/jose4j.git</developerConnection>
-    <url>https://bitbucket.org/b_c/jose4j</url>
-    <tag>jose4j-0.9.6</tag>
-  </scm>
+    </build>
 </project>                                                     
diff -pur ../jose4j/README.md ./README.md
--- ../jose4j/README.md	2024-03-23 08:29:09.760832639 -0500
+++ ./README.md	2024-03-23 08:46:09.066959675 -0500
@@ -1,3 +1,13 @@
+This a version of jos4j that is a java module. For the intial commit source code 
+for this project was taken from the original jose4j project (link down below). 
+The code was pulled from the jose4j-0.9.6 tag.
+
+For the intial commit a module-info.java file was added to the project. Currently there is
+no active development being done here. There is no relationship between this poject
+and original jose4j project.
+
+### Original README contents from jose4j
+
 The jose.4.j library is a robust and easy to use open source implementation of JSON Web Token (JWT) and the JOSE specification suite (JWS, JWE, and JWK).
 It is written in Java and relies solely on the JCA APIs for cryptography.
 Please see https://bitbucket.org/b_c/jose4j/wiki/Home for more info, examples, etc..
\ No newline at end of file
Only in ./src/main/java: module-info.java
diff -pur ../jose4j/src/test/java/org/jose4j/jwe/RsaKeyManagementMoreTest.java ./src/test/java/org/jose4j/jwe/RsaKeyManagementMoreTest.java
--- ../jose4j/src/test/java/org/jose4j/jwe/RsaKeyManagementMoreTest.java	2024-03-23 08:29:09.780834959 -0500
+++ ./src/test/java/org/jose4j/jwe/RsaKeyManagementMoreTest.java	2024-03-23 08:39:39.473578187 -0500
@@ -175,7 +175,7 @@ public class RsaKeyManagementMoreTest
         catch (JoseException e)
         {
             log.debug(ExceptionHelp.toStringWithCauses(e));
-            Assert.assertTrue(e.getMessage().contains("Tag mismatch!"));
+            Assert.assertTrue(e.getMessage().contains("Tag mismatch"));
         }
 
         jwe = new JsonWebEncryption();
@@ -190,7 +190,7 @@ public class RsaKeyManagementMoreTest
         catch (JoseException e)
         {
             log.debug(ExceptionHelp.toStringWithCauses(e));
-            Assert.assertTrue(e.getMessage().contains("Tag mismatch!"));
+            Assert.assertTrue(e.getMessage().contains("Tag mismatch"));
         }
 
         jwkJson =  "{\n" +
@@ -229,7 +229,7 @@ public class RsaKeyManagementMoreTest
         catch (JoseException e)
         {
             log.debug(ExceptionHelp.toStringWithCauses(e));
-            Assert.assertTrue(e.getMessage().contains("Tag mismatch!"));
+            Assert.assertTrue(e.getMessage().contains("Tag mismatch"));
         }
     }
 }
Only in .: target
